<?xml version="1.0" encoding="UTF-8"?>
<!-- Generated by org.testng.reporters.JUnitReportReporter -->
<testsuite hostname="BhuVarsh" failures="0" tests="2" name="testng.ExcludeMethods" time="0.008" errors="0" timestamp="2022-11-16T17:13:22 IST" skipped="0">
  <testcase classname="testng.ExcludeMethods" name="TC7" time="0.007"/>
  <system-out>
    <![CDATA[TC7 is running]]>
  </system-out>
  <testcase classname="testng.ExcludeMethods" name="TC9" time="0.001"/>
  <system-out>
    <![CDATA[TC9 is running]]>
  </system-out>
</testsuite> <!-- testng.ExcludeMethods -->
