<?xml version="1.0" encoding="UTF-8"?>
<!-- Generated by org.testng.reporters.JUnitReportReporter -->
<testsuite hostname="BhuVarsh" failures="0" tests="1" name="testng.Parallel" time="5.729" errors="0" timestamp="2022-11-16T18:23:41 IST" skipped="0">
  <testcase classname="testng.Parallel" name="kiteLogin" time="5.729"/>
  <system-out>
    <![CDATA[kite launch]]>
  </system-out>
</testsuite> <!-- testng.Parallel -->
