<?xml version="1.0" encoding="UTF-8"?>
<!-- Generated by org.testng.reporters.JUnitReportReporter -->
<testsuite hostname="BhuVarsh" failures="0" tests="1" name="testng.first" time="2.793" errors="0" timestamp="2022-11-16T08:55:25 IST" skipped="0">
  <testcase classname="testng.first" name="f" time="2.793"/>
  <system-out/>
</testsuite> <!-- testng.first -->
