<?xml version="1.0" encoding="UTF-8"?>
<!-- Generated by org.testng.reporters.JUnitReportReporter -->
<testsuite hostname="BhuVarsh" failures="0" tests="4" name="testng.KeywordPriority" time="0.009" errors="0" timestamp="2022-11-16T16:20:20 IST" skipped="0">
  <testcase classname="testng.KeywordPriority" name="Q" time="0.006"/>
  <system-out>
    <![CDATA[Q is running]]>
  </system-out>
  <testcase classname="testng.KeywordPriority" name="R" time="0.001"/>
  <system-out>
    <![CDATA[R is running]]>
  </system-out>
  <testcase classname="testng.KeywordPriority" name="S" time="0.001"/>
  <system-out>
    <![CDATA[S is running]]>
  </system-out>
  <testcase classname="testng.KeywordPriority" name="P" time="0.001"/>
  <system-out>
    <![CDATA[P is running]]>
  </system-out>
</testsuite> <!-- testng.KeywordPriority -->
