<?xml version="1.0" encoding="UTF-8"?>
<!-- Generated by org.testng.reporters.JUnitReportReporter -->
<testsuite hostname="BhuVarsh" failures="0" tests="3" name="testng.KeywordEnabled" time="0.008" errors="0" timestamp="2022-11-16T16:23:28 IST" skipped="1">
  <testcase classname="testng.KeywordEnabled" name="TC1" time="0.007"/>
  <system-out>
    <![CDATA[TC1 is running]]>
  </system-out>
  <testcase classname="testng.KeywordEnabled" name="TC3" time="0.001"/>
  <system-out>
    <![CDATA[TC3 is running]]>
  </system-out>
  <testcase classname="testng.KeywordEnabled" name="TC2">
    <skipped/>
  </testcase> <!-- TC2 -->
  <system-out/>
</testsuite> <!-- testng.KeywordEnabled -->
