<?xml version="1.0" encoding="UTF-8"?>
<!-- Generated by org.testng.reporters.JUnitReportReporter -->
<testsuite hostname="BhuVarsh" failures="0" tests="1" name="testng.Parallel3" time="6.354" errors="0" timestamp="2022-11-16T18:23:41 IST" skipped="0">
  <testcase classname="testng.Parallel3" name="googlepayLogin" time="6.354"/>
  <system-out>
    <![CDATA[googlepay launch]]>
  </system-out>
</testsuite> <!-- testng.Parallel3 -->
