<?xml version="1.0" encoding="UTF-8"?>
<!-- Generated by org.testng.reporters.JUnitReportReporter -->
<testsuite hostname="BhuVarsh" failures="0" tests="1" name="testng.group2" time="0.001" errors="0" timestamp="2022-11-16T17:43:23 IST" skipped="0">
  <testcase classname="testng.group2" name="TC9" time="0.001"/>
  <system-out>
    <![CDATA[TC9 sanity running]]>
  </system-out>
</testsuite> <!-- testng.group2 -->
