<?xml version="1.0" encoding="UTF-8"?>
<!-- Generated by org.testng.reporters.JUnitReportReporter -->
<testsuite hostname="BhuVarsh" failures="0" tests="1" name="VerificationUsingTestNG.VerifyCheckBOx" time="10.553" errors="0" timestamp="2022-11-17T10:38:15 IST" skipped="0">
  <testcase classname="VerificationUsingTestNG.VerifyCheckBOx" name="Checkbox" time="10.553"/>
  <system-out>
    <![CDATA[Checkbox1 is not selected TC is failed]]>
  </system-out>
</testsuite> <!-- VerificationUsingTestNG.VerifyCheckBOx -->
