<?xml version="1.0" encoding="UTF-8"?>
<!-- Generated by org.testng.reporters.JUnitReportReporter -->
<testsuite hostname="BhuVarsh" failures="0" tests="1" name="testng.Parallel2" time="5.950" errors="0" timestamp="2022-11-16T18:23:41 IST" skipped="0">
  <testcase classname="testng.Parallel2" name="Phonepay" time="5.950"/>
  <system-out>
    <![CDATA[Phonepay launch]]>
  </system-out>
</testsuite> <!-- testng.Parallel2 -->
