<?xml version="1.0" encoding="UTF-8"?>
<!-- Generated by org.testng.reporters.JUnitReportReporter -->
<testsuite hostname="BhuVarsh" failures="0" tests="1" name="testng.message" time="0.007" errors="0" timestamp="2022-11-16T09:02:32 IST" skipped="0">
  <testcase classname="testng.message" name="displayM" time="0.007"/>
  <system-out>
    <![CDATA[all test cases completed]]>
  </system-out>
</testsuite> <!-- testng.message -->
