<?xml version="1.0" encoding="UTF-8"?>
<!-- Generated by org.testng.reporters.JUnitReportReporter -->
<testsuite hostname="BhuVarsh" failures="0" tests="2" name="testng.IncludeMethods" time="0.003" errors="0" timestamp="2022-11-16T17:13:22 IST" skipped="0">
  <testcase classname="testng.IncludeMethods" name="TC3" time="0.001"/>
  <system-out>
    <![CDATA[TC3 is running]]>
  </system-out>
  <testcase classname="testng.IncludeMethods" name="TC2" time="0.002"/>
  <system-out>
    <![CDATA[TC2 is running]]>
  </system-out>
</testsuite> <!-- testng.IncludeMethods -->
