<?xml version="1.0" encoding="UTF-8"?>
<!-- Generated by org.testng.reporters.JUnitReportReporter -->
<testsuite hostname="BhuVarsh" failures="0" tests="1" name="VerificationUsingTestNG.AssertNotNull" time="0.008" errors="0" timestamp="2022-11-17T11:01:18 IST" skipped="0">
  <testcase classname="VerificationUsingTestNG.AssertNotNull" name="testing" time="0.008"/>
  <system-out/>
</testsuite> <!-- VerificationUsingTestNG.AssertNotNull -->
