<?xml version="1.0" encoding="UTF-8"?>
<!-- Generated by org.testng.reporters.JUnitReportReporter -->
<testsuite hostname="BhuVarsh" failures="0" tests="2" name="testng.NewTest" time="0.007" errors="0" timestamp="2022-11-16T16:01:47 IST" skipped="0">
  <testcase classname="testng.NewTest" name="validatepin" time="0.003"/>
  <system-out>
    <![CDATA[pin validation done-->@Test used]]>
  </system-out>
  <testcase classname="testng.NewTest" name="validateUserID" time="0.004"/>
  <system-out>
    <![CDATA[UserID validation done-->@Test used]]>
  </system-out>
</testsuite> <!-- testng.NewTest -->
