<?xml version="1.0" encoding="UTF-8"?>
<!-- Generated by org.testng.reporters.JUnitReportReporter -->
<testsuite hostname="BhuVarsh" failures="0" tests="1" name="VerificationUsingTestNG.AssertTrue" time="0.009" errors="0" timestamp="2022-11-17T10:54:56 IST" skipped="0">
  <testcase classname="VerificationUsingTestNG.AssertTrue" name="testing" time="0.009"/>
  <system-out/>
</testsuite> <!-- VerificationUsingTestNG.AssertTrue -->
