<?xml version="1.0" encoding="UTF-8"?>
<!-- Generated by org.testng.reporters.JUnitReportReporter -->
<testsuite hostname="BhuVarsh" failures="0" tests="3" name="testng.group1" time="0.008" errors="0" timestamp="2022-11-16T17:43:23 IST" skipped="0">
  <testcase classname="testng.group1" name="TC2" time="0.005"/>
  <system-out>
    <![CDATA[TC2 sanity running]]>
  </system-out>
  <testcase classname="testng.group1" name="TC6" time="0.002"/>
  <system-out>
    <![CDATA[TC6 sanity running]]>
  </system-out>
  <testcase classname="testng.group1" name="TC4" time="0.001"/>
  <system-out>
    <![CDATA[TC4 sanity running]]>
  </system-out>
</testsuite> <!-- testng.group1 -->
