<?xml version="1.0" encoding="UTF-8"?>
<!-- Generated by org.testng.reporters.JUnitReportReporter -->
<testsuite hostname="BhuVarsh" failures="0" tests="5" name="testng.KeywordInvocationCount" time="0.015" errors="0" timestamp="2022-11-16T16:11:05 IST" skipped="0">
  <testcase classname="testng.KeywordInvocationCount" name="TC1" time="0.001"/>
  <system-out>
    <![CDATA[TC1 is running]]>
  </system-out>
  <testcase classname="testng.KeywordInvocationCount" name="TC1" time="0.001"/>
  <system-out>
    <![CDATA[TC1 is running]]>
  </system-out>
  <testcase classname="testng.KeywordInvocationCount" name="TC1" time="0.005"/>
  <system-out>
    <![CDATA[TC1 is running]]>
  </system-out>
  <testcase classname="testng.KeywordInvocationCount" name="TC1" time="0.006"/>
  <system-out>
    <![CDATA[TC1 is running]]>
  </system-out>
  <testcase classname="testng.KeywordInvocationCount" name="TC1" time="0.002"/>
  <system-out>
    <![CDATA[TC1 is running]]>
  </system-out>
</testsuite> <!-- testng.KeywordInvocationCount -->
